[32m2024-09-29 09:14:00 -0400[0m - dagster - [34mDEBUG[0m - __ASSET_JOB - 8c2d9762-4989-4da3-956b-691ffa634425 - 1598058 - LOGS_CAPTURED - Started capturing logs in process (pid: 1598058).
[32m2024-09-29 09:14:00 -0400[0m - dagster - [34mDEBUG[0m - __ASSET_JOB - 8c2d9762-4989-4da3-956b-691ffa634425 - 1598058 - nfl_pbp_2024.update_pbp_with_players_op - STEP_START - Started execution of step "nfl_pbp_2024.update_pbp_with_players_op".
[32m2024-09-29 09:14:00 -0400[0m - dagster - [34mDEBUG[0m - __ASSET_JOB - 8c2d9762-4989-4da3-956b-691ffa634425 - nfl_pbp_2024.update_pbp_with_players_op - Loading file from: /home/christianocean/mta/nfl/logs/storage/8c2d9762-4989-4da3-956b-691ffa634425/nfl_pbp_2024.ingest_nfl_pbp_2024/result using PickledObjectFilesystemIOManager...
[32m2024-09-29 09:14:00 -0400[0m - dagster - [34mDEBUG[0m - __ASSET_JOB - 8c2d9762-4989-4da3-956b-691ffa634425 - 1598058 - nfl_pbp_2024.update_pbp_with_players_op - LOADED_INPUT - Loaded input "nfl_pbp_2024" using input manager "io_manager", from output "result" of step "nfl_pbp_2024.ingest_nfl_pbp_2024"
[32m2024-09-29 09:14:00 -0400[0m - dagster - [34mDEBUG[0m - __ASSET_JOB - 8c2d9762-4989-4da3-956b-691ffa634425 - nfl_pbp_2024.update_pbp_with_players_op - Loading file from: /home/christianocean/mta/nfl/logs/storage/8c2d9762-4989-4da3-956b-691ffa634425/nfl_pbp_2024.ingest_nfl_players/result using PickledObjectFilesystemIOManager...
[32m2024-09-29 09:14:00 -0400[0m - dagster - [34mDEBUG[0m - __ASSET_JOB - 8c2d9762-4989-4da3-956b-691ffa634425 - 1598058 - nfl_pbp_2024.update_pbp_with_players_op - LOADED_INPUT - Loaded input "nfl_players" using input manager "io_manager", from output "result" of step "nfl_pbp_2024.ingest_nfl_players"
[32m2024-09-29 09:14:00 -0400[0m - dagster - [34mDEBUG[0m - __ASSET_JOB - 8c2d9762-4989-4da3-956b-691ffa634425 - 1598058 - nfl_pbp_2024.update_pbp_with_players_op - STEP_INPUT - Got input "nfl_pbp_2024" of type "DataFrame". (Type check passed).
[32m2024-09-29 09:14:00 -0400[0m - dagster - [34mDEBUG[0m - __ASSET_JOB - 8c2d9762-4989-4da3-956b-691ffa634425 - 1598058 - nfl_pbp_2024.update_pbp_with_players_op - STEP_INPUT - Got input "nfl_players" of type "DataFrame". (Type check passed).
[32m2024-09-29 09:14:00 -0400[0m - dagster - [34mINFO[0m - __ASSET_JOB - 8c2d9762-4989-4da3-956b-691ffa634425 - nfl_pbp_2024.update_pbp_with_players_op - Persisting NFL PBP and Player data to DuckDB...
[32m2024-09-29 09:14:01 -0400[0m - dagster - [34mINFO[0m - __ASSET_JOB - 8c2d9762-4989-4da3-956b-691ffa634425 - nfl_pbp_2024.update_pbp_with_players_op - Adding necessary columns...
[32m2024-09-29 09:14:01 -0400[0m - dagster - [34mINFO[0m - __ASSET_JOB - 8c2d9762-4989-4da3-956b-691ffa634425 - nfl_pbp_2024.update_pbp_with_players_op - Column passer_display_name STRING added.
[32m2024-09-29 09:14:01 -0400[0m - dagster - [34mINFO[0m - __ASSET_JOB - 8c2d9762-4989-4da3-956b-691ffa634425 - nfl_pbp_2024.update_pbp_with_players_op - Column passer_position STRING added.
[32m2024-09-29 09:14:01 -0400[0m - dagster - [34mINFO[0m - __ASSET_JOB - 8c2d9762-4989-4da3-956b-691ffa634425 - nfl_pbp_2024.update_pbp_with_players_op - Column rusher_display_name STRING added.
[32m2024-09-29 09:14:01 -0400[0m - dagster - [34mINFO[0m - __ASSET_JOB - 8c2d9762-4989-4da3-956b-691ffa634425 - nfl_pbp_2024.update_pbp_with_players_op - Column rusher_position STRING added.
[32m2024-09-29 09:14:01 -0400[0m - dagster - [34mINFO[0m - __ASSET_JOB - 8c2d9762-4989-4da3-956b-691ffa634425 - nfl_pbp_2024.update_pbp_with_players_op - Column receiver_display_name STRING added.
[32m2024-09-29 09:14:01 -0400[0m - dagster - [34mINFO[0m - __ASSET_JOB - 8c2d9762-4989-4da3-956b-691ffa634425 - nfl_pbp_2024.update_pbp_with_players_op - Column receiver_position STRING added.
[32m2024-09-29 09:14:01 -0400[0m - dagster - [34mINFO[0m - __ASSET_JOB - 8c2d9762-4989-4da3-956b-691ffa634425 - nfl_pbp_2024.update_pbp_with_players_op - Updating the PBP table with player data...
[32m2024-09-29 09:14:01 -0400[0m - dagster - [34mINFO[0m - __ASSET_JOB - 8c2d9762-4989-4da3-956b-691ffa634425 - nfl_pbp_2024.update_pbp_with_players_op - Updated PBP data:    play_id          game_id  ... receiver_display_name receiver_position
0      1.0  2024_01_ARI_BUF  ...                  None              None
1     40.0  2024_01_ARI_BUF  ...                  None              None
2     61.0  2024_01_ARI_BUF  ...                  None              None
3     83.0  2024_01_ARI_BUF  ...          James Conner                RB
4    108.0  2024_01_ARI_BUF  ...          James Conner                RB
5    133.0  2024_01_ARI_BUF  ...                  None              None
6    155.0  2024_01_ARI_BUF  ...                  None              None
7    177.0  2024_01_ARI_BUF  ...                  None              None
8    199.0  2024_01_ARI_BUF  ...           Greg Dortch                WR
9    224.0  2024_01_ARI_BUF  ...       Marvin Harrison                WR

[10 rows x 378 columns]
[32m2024-09-29 09:14:02 -0400[0m - dagster - [34mDEBUG[0m - __ASSET_JOB - 8c2d9762-4989-4da3-956b-691ffa634425 - 1598058 - nfl_pbp_2024.update_pbp_with_players_op - STEP_OUTPUT - Yielded output "result" of type "Nothing". (Type check passed).
[32m2024-09-29 09:14:02 -0400[0m - dagster - [34mDEBUG[0m - __ASSET_JOB - 8c2d9762-4989-4da3-956b-691ffa634425 - 1598058 - nfl_pbp_2024.update_pbp_with_players_op - ASSET_MATERIALIZATION - Materialized value nfl_pbp_2024.
[32m2024-09-29 09:14:02 -0400[0m - dagster - [34mDEBUG[0m - __ASSET_JOB - 8c2d9762-4989-4da3-956b-691ffa634425 - 1598058 - nfl_pbp_2024.update_pbp_with_players_op - STEP_SUCCESS - Finished execution of step "nfl_pbp_2024.update_pbp_with_players_op" in 1.82s.
