[32m2024-09-29 09:14:16 -0400[0m - dagster - [34mDEBUG[0m - __ASSET_JOB - 8c2d9762-4989-4da3-956b-691ffa634425 - 1599297 - LOGS_CAPTURED - Started capturing logs in process (pid: 1599297).
[32m2024-09-29 09:14:16 -0400[0m - dagster - [34mDEBUG[0m - __ASSET_JOB - 8c2d9762-4989-4da3-956b-691ffa634425 - 1599297 - analytics_cube - STEP_START - Started execution of step "analytics_cube".
[32m2024-09-29 09:14:16 -0400[0m - dagster - [34mINFO[0m - __ASSET_JOB - 8c2d9762-4989-4da3-956b-691ffa634425 - analytics_cube - Starting export from /home/christianocean/mta/data/nfl_database.duckdb to /home/christianocean/mta/nfl/bi/sources/nflstats/analytics.duckdb using SQL from /home/christianocean/mta/nfl/transformations/dbt/models.
[32m2024-09-29 09:14:16 -0400[0m - dagster - [34mINFO[0m - __ASSET_JOB - 8c2d9762-4989-4da3-956b-691ffa634425 - analytics_cube - Found SQL file for table: distinct_teams
[32m2024-09-29 09:14:16 -0400[0m - dagster - [34mINFO[0m - __ASSET_JOB - 8c2d9762-4989-4da3-956b-691ffa634425 - analytics_cube - Found SQL file for table: penalties_per_team
[32m2024-09-29 09:14:16 -0400[0m - dagster - [34mINFO[0m - __ASSET_JOB - 8c2d9762-4989-4da3-956b-691ffa634425 - analytics_cube - Found SQL file for table: receiver_stats_per_team
[32m2024-09-29 09:14:16 -0400[0m - dagster - [34mINFO[0m - __ASSET_JOB - 8c2d9762-4989-4da3-956b-691ffa634425 - analytics_cube - Found SQL file for table: rushing
[32m2024-09-29 09:14:16 -0400[0m - dagster - [34mINFO[0m - __ASSET_JOB - 8c2d9762-4989-4da3-956b-691ffa634425 - analytics_cube - Found SQL file for table: team_breakdown
[32m2024-09-29 09:14:16 -0400[0m - dagster - [34mINFO[0m - __ASSET_JOB - 8c2d9762-4989-4da3-956b-691ffa634425 - analytics_cube - Found SQL file for table: firstdownpassing
[32m2024-09-29 09:14:16 -0400[0m - dagster - [34mINFO[0m - __ASSET_JOB - 8c2d9762-4989-4da3-956b-691ffa634425 - analytics_cube - Found SQL file for table: penalty_totals
[32m2024-09-29 09:14:16 -0400[0m - dagster - [34mINFO[0m - __ASSET_JOB - 8c2d9762-4989-4da3-956b-691ffa634425 - analytics_cube - Found SQL file for table: first_down
[32m2024-09-29 09:14:16 -0400[0m - dagster - [34mINFO[0m - __ASSET_JOB - 8c2d9762-4989-4da3-956b-691ffa634425 - analytics_cube - Reading table distinct_teams from /home/christianocean/mta/data/nfl_database.duckdb...
[32m2024-09-29 09:14:16 -0400[0m - dagster - [34mINFO[0m - __ASSET_JOB - 8c2d9762-4989-4da3-956b-691ffa634425 - analytics_cube - Writing table distinct_teams to /home/christianocean/mta/nfl/bi/sources/nflstats/analytics.duckdb...
[32m2024-09-29 09:14:16 -0400[0m - dagster - [34mINFO[0m - __ASSET_JOB - 8c2d9762-4989-4da3-956b-691ffa634425 - analytics_cube - Reading table penalties_per_team from /home/christianocean/mta/data/nfl_database.duckdb...
[32m2024-09-29 09:14:16 -0400[0m - dagster - [34mINFO[0m - __ASSET_JOB - 8c2d9762-4989-4da3-956b-691ffa634425 - analytics_cube - Writing table penalties_per_team to /home/christianocean/mta/nfl/bi/sources/nflstats/analytics.duckdb...
[32m2024-09-29 09:14:16 -0400[0m - dagster - [34mINFO[0m - __ASSET_JOB - 8c2d9762-4989-4da3-956b-691ffa634425 - analytics_cube - Reading table receiver_stats_per_team from /home/christianocean/mta/data/nfl_database.duckdb...
[32m2024-09-29 09:14:16 -0400[0m - dagster - [34mINFO[0m - __ASSET_JOB - 8c2d9762-4989-4da3-956b-691ffa634425 - analytics_cube - Writing table receiver_stats_per_team to /home/christianocean/mta/nfl/bi/sources/nflstats/analytics.duckdb...
[32m2024-09-29 09:14:17 -0400[0m - dagster - [34mINFO[0m - __ASSET_JOB - 8c2d9762-4989-4da3-956b-691ffa634425 - analytics_cube - Reading table rushing from /home/christianocean/mta/data/nfl_database.duckdb...
[32m2024-09-29 09:14:17 -0400[0m - dagster - [34mINFO[0m - __ASSET_JOB - 8c2d9762-4989-4da3-956b-691ffa634425 - analytics_cube - Writing table rushing to /home/christianocean/mta/nfl/bi/sources/nflstats/analytics.duckdb...
[32m2024-09-29 09:14:17 -0400[0m - dagster - [34mINFO[0m - __ASSET_JOB - 8c2d9762-4989-4da3-956b-691ffa634425 - analytics_cube - Reading table team_breakdown from /home/christianocean/mta/data/nfl_database.duckdb...
[32m2024-09-29 09:14:17 -0400[0m - dagster - [34mINFO[0m - __ASSET_JOB - 8c2d9762-4989-4da3-956b-691ffa634425 - analytics_cube - Writing table team_breakdown to /home/christianocean/mta/nfl/bi/sources/nflstats/analytics.duckdb...
[32m2024-09-29 09:14:17 -0400[0m - dagster - [34mINFO[0m - __ASSET_JOB - 8c2d9762-4989-4da3-956b-691ffa634425 - analytics_cube - Reading table firstdownpassing from /home/christianocean/mta/data/nfl_database.duckdb...
[32m2024-09-29 09:14:17 -0400[0m - dagster - [34mINFO[0m - __ASSET_JOB - 8c2d9762-4989-4da3-956b-691ffa634425 - analytics_cube - Writing table firstdownpassing to /home/christianocean/mta/nfl/bi/sources/nflstats/analytics.duckdb...
[32m2024-09-29 09:14:17 -0400[0m - dagster - [34mINFO[0m - __ASSET_JOB - 8c2d9762-4989-4da3-956b-691ffa634425 - analytics_cube - Reading table penalty_totals from /home/christianocean/mta/data/nfl_database.duckdb...
[32m2024-09-29 09:14:17 -0400[0m - dagster - [34mINFO[0m - __ASSET_JOB - 8c2d9762-4989-4da3-956b-691ffa634425 - analytics_cube - Writing table penalty_totals to /home/christianocean/mta/nfl/bi/sources/nflstats/analytics.duckdb...
[32m2024-09-29 09:14:17 -0400[0m - dagster - [34mINFO[0m - __ASSET_JOB - 8c2d9762-4989-4da3-956b-691ffa634425 - analytics_cube - Reading table first_down from /home/christianocean/mta/data/nfl_database.duckdb...
[32m2024-09-29 09:14:17 -0400[0m - dagster - [34mINFO[0m - __ASSET_JOB - 8c2d9762-4989-4da3-956b-691ffa634425 - analytics_cube - Writing table first_down to /home/christianocean/mta/nfl/bi/sources/nflstats/analytics.duckdb...
[32m2024-09-29 09:14:17 -0400[0m - dagster - [34mINFO[0m - __ASSET_JOB - 8c2d9762-4989-4da3-956b-691ffa634425 - analytics_cube - Export completed successfully.
[32m2024-09-29 09:14:17 -0400[0m - dagster - [34mDEBUG[0m - __ASSET_JOB - 8c2d9762-4989-4da3-956b-691ffa634425 - 1599297 - analytics_cube - STEP_OUTPUT - Yielded output "result" of type "Any". (Type check passed).
[32m2024-09-29 09:14:17 -0400[0m - dagster - [34mINFO[0m - __ASSET_JOB - 8c2d9762-4989-4da3-956b-691ffa634425 - analytics_cube - Found SQL file for table: distinct_teams
[32m2024-09-29 09:14:17 -0400[0m - dagster - [34mINFO[0m - __ASSET_JOB - 8c2d9762-4989-4da3-956b-691ffa634425 - analytics_cube - Found SQL file for table: penalties_per_team
[32m2024-09-29 09:14:17 -0400[0m - dagster - [34mINFO[0m - __ASSET_JOB - 8c2d9762-4989-4da3-956b-691ffa634425 - analytics_cube - Found SQL file for table: receiver_stats_per_team
[32m2024-09-29 09:14:17 -0400[0m - dagster - [34mINFO[0m - __ASSET_JOB - 8c2d9762-4989-4da3-956b-691ffa634425 - analytics_cube - Found SQL file for table: rushing
[32m2024-09-29 09:14:17 -0400[0m - dagster - [34mINFO[0m - __ASSET_JOB - 8c2d9762-4989-4da3-956b-691ffa634425 - analytics_cube - Found SQL file for table: team_breakdown
[32m2024-09-29 09:14:17 -0400[0m - dagster - [34mINFO[0m - __ASSET_JOB - 8c2d9762-4989-4da3-956b-691ffa634425 - analytics_cube - Found SQL file for table: firstdownpassing
[32m2024-09-29 09:14:17 -0400[0m - dagster - [34mINFO[0m - __ASSET_JOB - 8c2d9762-4989-4da3-956b-691ffa634425 - analytics_cube - Found SQL file for table: penalty_totals
[32m2024-09-29 09:14:17 -0400[0m - dagster - [34mINFO[0m - __ASSET_JOB - 8c2d9762-4989-4da3-956b-691ffa634425 - analytics_cube - Found SQL file for table: first_down
[32m2024-09-29 09:14:17 -0400[0m - dagster - [34mINFO[0m - __ASSET_JOB - 8c2d9762-4989-4da3-956b-691ffa634425 - analytics_cube - Reading table distinct_teams from /home/christianocean/mta/data/nfl_database.duckdb...
[32m2024-09-29 09:14:17 -0400[0m - dagster - [34mINFO[0m - __ASSET_JOB - 8c2d9762-4989-4da3-956b-691ffa634425 - analytics_cube - Writing table distinct_teams to /home/christianocean/mta/nfl/bi/sources/nflstats/analytics.duckdb...
[32m2024-09-29 09:14:17 -0400[0m - dagster - [34mINFO[0m - __ASSET_JOB - 8c2d9762-4989-4da3-956b-691ffa634425 - analytics_cube - Reading table penalties_per_team from /home/christianocean/mta/data/nfl_database.duckdb...
[32m2024-09-29 09:14:17 -0400[0m - dagster - [34mINFO[0m - __ASSET_JOB - 8c2d9762-4989-4da3-956b-691ffa634425 - analytics_cube - Writing table penalties_per_team to /home/christianocean/mta/nfl/bi/sources/nflstats/analytics.duckdb...
[32m2024-09-29 09:14:17 -0400[0m - dagster - [34mINFO[0m - __ASSET_JOB - 8c2d9762-4989-4da3-956b-691ffa634425 - analytics_cube - Reading table receiver_stats_per_team from /home/christianocean/mta/data/nfl_database.duckdb...
[32m2024-09-29 09:14:17 -0400[0m - dagster - [34mINFO[0m - __ASSET_JOB - 8c2d9762-4989-4da3-956b-691ffa634425 - analytics_cube - Writing table receiver_stats_per_team to /home/christianocean/mta/nfl/bi/sources/nflstats/analytics.duckdb...
[32m2024-09-29 09:14:17 -0400[0m - dagster - [34mINFO[0m - __ASSET_JOB - 8c2d9762-4989-4da3-956b-691ffa634425 - analytics_cube - Reading table rushing from /home/christianocean/mta/data/nfl_database.duckdb...
[32m2024-09-29 09:14:17 -0400[0m - dagster - [34mINFO[0m - __ASSET_JOB - 8c2d9762-4989-4da3-956b-691ffa634425 - analytics_cube - Writing table rushing to /home/christianocean/mta/nfl/bi/sources/nflstats/analytics.duckdb...
[32m2024-09-29 09:14:17 -0400[0m - dagster - [34mINFO[0m - __ASSET_JOB - 8c2d9762-4989-4da3-956b-691ffa634425 - analytics_cube - Reading table team_breakdown from /home/christianocean/mta/data/nfl_database.duckdb...
[32m2024-09-29 09:14:17 -0400[0m - dagster - [34mINFO[0m - __ASSET_JOB - 8c2d9762-4989-4da3-956b-691ffa634425 - analytics_cube - Writing table team_breakdown to /home/christianocean/mta/nfl/bi/sources/nflstats/analytics.duckdb...
[32m2024-09-29 09:14:17 -0400[0m - dagster - [34mINFO[0m - __ASSET_JOB - 8c2d9762-4989-4da3-956b-691ffa634425 - analytics_cube - Reading table firstdownpassing from /home/christianocean/mta/data/nfl_database.duckdb...
[32m2024-09-29 09:14:17 -0400[0m - dagster - [34mINFO[0m - __ASSET_JOB - 8c2d9762-4989-4da3-956b-691ffa634425 - analytics_cube - Writing table firstdownpassing to /home/christianocean/mta/nfl/bi/sources/nflstats/analytics.duckdb...
[32m2024-09-29 09:14:17 -0400[0m - dagster - [34mINFO[0m - __ASSET_JOB - 8c2d9762-4989-4da3-956b-691ffa634425 - analytics_cube - Reading table penalty_totals from /home/christianocean/mta/data/nfl_database.duckdb...
[32m2024-09-29 09:14:17 -0400[0m - dagster - [34mINFO[0m - __ASSET_JOB - 8c2d9762-4989-4da3-956b-691ffa634425 - analytics_cube - Writing table penalty_totals to /home/christianocean/mta/nfl/bi/sources/nflstats/analytics.duckdb...
[32m2024-09-29 09:14:17 -0400[0m - dagster - [34mINFO[0m - __ASSET_JOB - 8c2d9762-4989-4da3-956b-691ffa634425 - analytics_cube - Reading table first_down from /home/christianocean/mta/data/nfl_database.duckdb...
[32m2024-09-29 09:14:17 -0400[0m - dagster - [34mINFO[0m - __ASSET_JOB - 8c2d9762-4989-4da3-956b-691ffa634425 - analytics_cube - Writing table first_down to /home/christianocean/mta/nfl/bi/sources/nflstats/analytics.duckdb...
[32m2024-09-29 09:14:17 -0400[0m - dagster - [34mINFO[0m - __ASSET_JOB - 8c2d9762-4989-4da3-956b-691ffa634425 - analytics_cube - Export completed successfully.
[32m2024-09-29 09:14:17 -0400[0m - dagster - [34mDEBUG[0m - __ASSET_JOB - 8c2d9762-4989-4da3-956b-691ffa634425 - 1599297 - analytics_cube - ASSET_MATERIALIZATION - Materialized value analytics_cube.
[32m2024-09-29 09:14:17 -0400[0m - dagster - [34mDEBUG[0m - __ASSET_JOB - 8c2d9762-4989-4da3-956b-691ffa634425 - 1599297 - analytics_cube - HANDLED_OUTPUT - Handled output "result" using IO manager "duckdb_bi_export_io_manager"
[32m2024-09-29 09:14:17 -0400[0m - dagster - [34mDEBUG[0m - __ASSET_JOB - 8c2d9762-4989-4da3-956b-691ffa634425 - 1599297 - analytics_cube - STEP_SUCCESS - Finished execution of step "analytics_cube" in 1.18s.
