Running with dbt=1.8.7
Registered adapter: duckdb=1.8.3
Found 8 models, 5 data tests, 1 source, 416 macros

Concurrency: 16 threads (target='dev')

1 of 13 START sql table model main.distinct_teams .............................. [RUN]
2 of 13 START sql table model main.first_down .................................. [RUN]
3 of 13 START sql table model main.firstdownpassing ............................ [RUN]
4 of 13 START sql table model main.penalties_per_team .......................... [RUN]
5 of 13 START sql table model main.penalty_totals .............................. [RUN]
6 of 13 START sql table model main.receiver_stats_per_team ..................... [RUN]
7 of 13 START sql table model main.rushing ..................................... [RUN]
8 of 13 START sql table model main.team_breakdown .............................. [RUN]
1 of 13 OK created sql table model main.distinct_teams ......................... [[32mOK[0m in 0.37s]
4 of 13 OK created sql table model main.penalties_per_team ..................... [[32mOK[0m in 0.35s]
3 of 13 OK created sql table model main.firstdownpassing ....................... [[32mOK[0m in 0.37s]
2 of 13 OK created sql table model main.first_down ............................. [[32mOK[0m in 0.38s]
5 of 13 OK created sql table model main.penalty_totals ......................... [[32mOK[0m in 0.37s]
6 of 13 OK created sql table model main.receiver_stats_per_team ................ [[32mOK[0m in 0.38s]
9 of 13 START test not_null_penalties_per_team_penalty_team .................... [RUN]
10 of 13 START test not_null_penalties_per_team_total_penalties ................ [RUN]
11 of 13 START test not_null_penalties_per_team_week ........................... [RUN]
12 of 13 START test not_null_penalty_totals_total_penalties .................... [RUN]
13 of 13 START test not_null_penalty_totals_week ............................... [RUN]
7 of 13 OK created sql table model main.rushing ................................ [[32mOK[0m in 0.44s]
8 of 13 OK created sql table model main.team_breakdown ......................... [[32mOK[0m in 0.55s]
9 of 13 PASS not_null_penalties_per_team_penalty_team .......................... [[32mPASS[0m in 0.23s]
11 of 13 PASS not_null_penalties_per_team_week ................................. [[32mPASS[0m in 0.24s]
10 of 13 PASS not_null_penalties_per_team_total_penalties ...................... [[32mPASS[0m in 0.26s]
12 of 13 PASS not_null_penalty_totals_total_penalties .......................... [[32mPASS[0m in 0.25s]
13 of 13 PASS not_null_penalty_totals_week ..................................... [[32mPASS[0m in 0.25s]

Finished running 8 table models, 5 data tests in 0 hours 0 minutes and 0.90 seconds (0.90s).

[32mCompleted successfully[0m

Done. PASS=13 WARN=0 ERROR=0 SKIP=0 TOTAL=13
