[32m2024-09-29 08:48:03 -0400[0m - dagster - [34mDEBUG[0m - __ASSET_JOB - 474a3f6b-3f90-45c6-8618-883636f0904e - 1550324 - LOGS_CAPTURED - Started capturing logs in process (pid: 1550324).
[32m2024-09-29 08:48:03 -0400[0m - dagster - [34mDEBUG[0m - __ASSET_JOB - 474a3f6b-3f90-45c6-8618-883636f0904e - 1550324 - dbt_project_assets - STEP_START - Started execution of step "dbt_project_assets".
[32m2024-09-29 08:48:03 -0400[0m - dagster - [34mINFO[0m - __ASSET_JOB - 474a3f6b-3f90-45c6-8618-883636f0904e - dbt_project_assets - A dbt subsetted execution is not being performed. Using the default dbt selection arguments `['--select', 'fqn:*']`.
[32m2024-09-29 08:48:03 -0400[0m - dagster - [34mINFO[0m - __ASSET_JOB - 474a3f6b-3f90-45c6-8618-883636f0904e - dbt_project_assets - Copying `/home/christianocean/mta/nfl/transformations/dbt/target/partial_parse.msgpack` to `/home/christianocean/mta/nfl/transformations/dbt/target/dbt_project_assets-474a3f6-c1128f2/partial_parse.msgpack` to take advantage of partial parsing.
[32m2024-09-29 08:48:03 -0400[0m - dagster - [34mINFO[0m - __ASSET_JOB - 474a3f6b-3f90-45c6-8618-883636f0904e - dbt_project_assets - Running dbt command: `dbt build --select fqn:*`.
[32m2024-09-29 08:48:06 -0400[0m - dagster - [34mDEBUG[0m - __ASSET_JOB - 474a3f6b-3f90-45c6-8618-883636f0904e - 1550324 - dbt_project_assets - STEP_OUTPUT - Yielded output "model_nfl_distinct_teams" of type "Nothing". (Type check passed).
[32m2024-09-29 08:48:06 -0400[0m - dagster - [34mDEBUG[0m - __ASSET_JOB - 474a3f6b-3f90-45c6-8618-883636f0904e - 1550324 - dbt_project_assets - ASSET_MATERIALIZATION - Materialized value distinct_teams.
[32m2024-09-29 08:48:06 -0400[0m - dagster - [34mDEBUG[0m - __ASSET_JOB - 474a3f6b-3f90-45c6-8618-883636f0904e - 1550324 - dbt_project_assets - STEP_OUTPUT - Yielded output "model_nfl_first_down" of type "Nothing". (Type check passed).
[32m2024-09-29 08:48:06 -0400[0m - dagster - [34mDEBUG[0m - __ASSET_JOB - 474a3f6b-3f90-45c6-8618-883636f0904e - 1550324 - dbt_project_assets - ASSET_MATERIALIZATION - Materialized value first_down.
[32m2024-09-29 08:48:06 -0400[0m - dagster - [34mDEBUG[0m - __ASSET_JOB - 474a3f6b-3f90-45c6-8618-883636f0904e - 1550324 - dbt_project_assets - STEP_OUTPUT - Yielded output "model_nfl_firstdownpassing" of type "Nothing". (Type check passed).
[32m2024-09-29 08:48:06 -0400[0m - dagster - [34mDEBUG[0m - __ASSET_JOB - 474a3f6b-3f90-45c6-8618-883636f0904e - 1550324 - dbt_project_assets - ASSET_MATERIALIZATION - Materialized value firstdownpassing.
[32m2024-09-29 08:48:06 -0400[0m - dagster - [34mDEBUG[0m - __ASSET_JOB - 474a3f6b-3f90-45c6-8618-883636f0904e - 1550324 - dbt_project_assets - STEP_OUTPUT - Yielded output "model_nfl_penalty_totals" of type "Nothing". (Type check passed).
[32m2024-09-29 08:48:06 -0400[0m - dagster - [34mDEBUG[0m - __ASSET_JOB - 474a3f6b-3f90-45c6-8618-883636f0904e - 1550324 - dbt_project_assets - ASSET_MATERIALIZATION - Materialized value penalty_totals.
[32m2024-09-29 08:48:06 -0400[0m - dagster - [34mDEBUG[0m - __ASSET_JOB - 474a3f6b-3f90-45c6-8618-883636f0904e - 1550324 - dbt_project_assets - STEP_OUTPUT - Yielded output "model_nfl_penalties_per_team" of type "Nothing". (Type check passed).
[32m2024-09-29 08:48:06 -0400[0m - dagster - [34mDEBUG[0m - __ASSET_JOB - 474a3f6b-3f90-45c6-8618-883636f0904e - 1550324 - dbt_project_assets - ASSET_MATERIALIZATION - Materialized value penalties_per_team.
[32m2024-09-29 08:48:06 -0400[0m - dagster - [34mDEBUG[0m - __ASSET_JOB - 474a3f6b-3f90-45c6-8618-883636f0904e - 1550324 - dbt_project_assets - STEP_OUTPUT - Yielded output "model_nfl_rushing" of type "Nothing". (Type check passed).
[32m2024-09-29 08:48:06 -0400[0m - dagster - [34mDEBUG[0m - __ASSET_JOB - 474a3f6b-3f90-45c6-8618-883636f0904e - 1550324 - dbt_project_assets - ASSET_MATERIALIZATION - Materialized value rushing.
[32m2024-09-29 08:48:06 -0400[0m - dagster - [34mDEBUG[0m - __ASSET_JOB - 474a3f6b-3f90-45c6-8618-883636f0904e - 1550324 - dbt_project_assets - STEP_OUTPUT - Yielded output "model_nfl_receiver_stats_per_team" of type "Nothing". (Type check passed).
[32m2024-09-29 08:48:06 -0400[0m - dagster - [34mDEBUG[0m - __ASSET_JOB - 474a3f6b-3f90-45c6-8618-883636f0904e - 1550324 - dbt_project_assets - ASSET_MATERIALIZATION - Materialized value receiver_stats_per_team.
[32m2024-09-29 08:48:06 -0400[0m - dagster - [34mDEBUG[0m - __ASSET_JOB - 474a3f6b-3f90-45c6-8618-883636f0904e - 1550324 - dbt_project_assets - STEP_OUTPUT - Yielded output "model_nfl_team_breakdown" of type "Nothing". (Type check passed).
[32m2024-09-29 08:48:06 -0400[0m - dagster - [34mDEBUG[0m - __ASSET_JOB - 474a3f6b-3f90-45c6-8618-883636f0904e - 1550324 - dbt_project_assets - ASSET_MATERIALIZATION - Materialized value team_breakdown.
[32m2024-09-29 08:48:06 -0400[0m - dagster - [34mDEBUG[0m - __ASSET_JOB - 474a3f6b-3f90-45c6-8618-883636f0904e - 1550324 - dbt_project_assets - ASSET_CHECK_EVALUATION - ASSET_CHECK_EVALUATION for step dbt_project_assets
[32m2024-09-29 08:48:06 -0400[0m - dagster - [34mDEBUG[0m - __ASSET_JOB - 474a3f6b-3f90-45c6-8618-883636f0904e - 1550324 - dbt_project_assets - STEP_OUTPUT - Yielded output "penalty_totals_not_null_penalty_totals_total_penalties" of type "Any". (Type check passed).
[32m2024-09-29 08:48:06 -0400[0m - dagster - [34mDEBUG[0m - __ASSET_JOB - 474a3f6b-3f90-45c6-8618-883636f0904e - 1550324 - dbt_project_assets - ASSET_CHECK_EVALUATION - ASSET_CHECK_EVALUATION for step dbt_project_assets
[32m2024-09-29 08:48:06 -0400[0m - dagster - [34mDEBUG[0m - __ASSET_JOB - 474a3f6b-3f90-45c6-8618-883636f0904e - 1550324 - dbt_project_assets - STEP_OUTPUT - Yielded output "penalty_totals_not_null_penalty_totals_week" of type "Any". (Type check passed).
[32m2024-09-29 08:48:06 -0400[0m - dagster - [34mDEBUG[0m - __ASSET_JOB - 474a3f6b-3f90-45c6-8618-883636f0904e - 1550324 - dbt_project_assets - ASSET_CHECK_EVALUATION - ASSET_CHECK_EVALUATION for step dbt_project_assets
[32m2024-09-29 08:48:06 -0400[0m - dagster - [34mDEBUG[0m - __ASSET_JOB - 474a3f6b-3f90-45c6-8618-883636f0904e - 1550324 - dbt_project_assets - STEP_OUTPUT - Yielded output "penalties_per_team_not_null_penalties_per_team_penalty_team" of type "Any". (Type check passed).
[32m2024-09-29 08:48:06 -0400[0m - dagster - [34mDEBUG[0m - __ASSET_JOB - 474a3f6b-3f90-45c6-8618-883636f0904e - 1550324 - dbt_project_assets - ASSET_CHECK_EVALUATION - ASSET_CHECK_EVALUATION for step dbt_project_assets
[32m2024-09-29 08:48:06 -0400[0m - dagster - [34mDEBUG[0m - __ASSET_JOB - 474a3f6b-3f90-45c6-8618-883636f0904e - 1550324 - dbt_project_assets - STEP_OUTPUT - Yielded output "penalties_per_team_not_null_penalties_per_team_total_penalties" of type "Any". (Type check passed).
[32m2024-09-29 08:48:07 -0400[0m - dagster - [34mDEBUG[0m - __ASSET_JOB - 474a3f6b-3f90-45c6-8618-883636f0904e - 1550324 - dbt_project_assets - ASSET_CHECK_EVALUATION - ASSET_CHECK_EVALUATION for step dbt_project_assets
[32m2024-09-29 08:48:07 -0400[0m - dagster - [34mDEBUG[0m - __ASSET_JOB - 474a3f6b-3f90-45c6-8618-883636f0904e - 1550324 - dbt_project_assets - STEP_OUTPUT - Yielded output "penalties_per_team_not_null_penalties_per_team_week" of type "Any". (Type check passed).
[32m2024-09-29 08:48:07 -0400[0m - dagster - [34mINFO[0m - __ASSET_JOB - 474a3f6b-3f90-45c6-8618-883636f0904e - dbt_project_assets - Finished dbt command: `dbt build --select fqn:*`.
[32m2024-09-29 08:48:07 -0400[0m - dagster - [34mDEBUG[0m - __ASSET_JOB - 474a3f6b-3f90-45c6-8618-883636f0904e - 1550324 - dbt_project_assets - STEP_SUCCESS - Finished execution of step "dbt_project_assets" in 3.61s.
