[32m2024-10-01 11:15:00 -0400[0m - dagster - [34mDEBUG[0m - __ASSET_JOB - 58ca9174-4837-4695-b938-88318917c064 - 2073300 - LOGS_CAPTURED - Started capturing logs in process (pid: 2073300).
[32m2024-10-01 11:15:00 -0400[0m - dagster - [34mDEBUG[0m - __ASSET_JOB - 58ca9174-4837-4695-b938-88318917c064 - 2073300 - dbt_project_assets - STEP_START - Started execution of step "dbt_project_assets".
[32m2024-10-01 11:15:00 -0400[0m - dagster - [34mINFO[0m - __ASSET_JOB - 58ca9174-4837-4695-b938-88318917c064 - dbt_project_assets - A dbt subsetted execution is not being performed. Using the default dbt selection arguments `['--select', 'fqn:*']`.
[32m2024-10-01 11:15:00 -0400[0m - dagster - [34mINFO[0m - __ASSET_JOB - 58ca9174-4837-4695-b938-88318917c064 - dbt_project_assets - Copying `/home/christianocean/mta/nfl/transformations/dbt/target/partial_parse.msgpack` to `/home/christianocean/mta/nfl/transformations/dbt/target/dbt_project_assets-58ca917-900cb18/partial_parse.msgpack` to take advantage of partial parsing.
[32m2024-10-01 11:15:00 -0400[0m - dagster - [34mINFO[0m - __ASSET_JOB - 58ca9174-4837-4695-b938-88318917c064 - dbt_project_assets - Running dbt command: `dbt build --select fqn:*`.
[32m2024-10-01 11:15:02 -0400[0m - dagster - [34mDEBUG[0m - __ASSET_JOB - 58ca9174-4837-4695-b938-88318917c064 - 2073300 - dbt_project_assets - STEP_OUTPUT - Yielded output "model_nfl_first_down" of type "Nothing". (Type check passed).
[32m2024-10-01 11:15:02 -0400[0m - dagster - [34mDEBUG[0m - __ASSET_JOB - 58ca9174-4837-4695-b938-88318917c064 - 2073300 - dbt_project_assets - ASSET_MATERIALIZATION - Materialized value first_down.
[32m2024-10-01 11:15:02 -0400[0m - dagster - [34mDEBUG[0m - __ASSET_JOB - 58ca9174-4837-4695-b938-88318917c064 - 2073300 - dbt_project_assets - STEP_OUTPUT - Yielded output "model_nfl_distinct_teams" of type "Nothing". (Type check passed).
[32m2024-10-01 11:15:02 -0400[0m - dagster - [34mDEBUG[0m - __ASSET_JOB - 58ca9174-4837-4695-b938-88318917c064 - 2073300 - dbt_project_assets - ASSET_MATERIALIZATION - Materialized value distinct_teams.
[32m2024-10-01 11:15:02 -0400[0m - dagster - [34mDEBUG[0m - __ASSET_JOB - 58ca9174-4837-4695-b938-88318917c064 - 2073300 - dbt_project_assets - STEP_OUTPUT - Yielded output "model_nfl_firstdownpassing" of type "Nothing". (Type check passed).
[32m2024-10-01 11:15:02 -0400[0m - dagster - [34mDEBUG[0m - __ASSET_JOB - 58ca9174-4837-4695-b938-88318917c064 - 2073300 - dbt_project_assets - ASSET_MATERIALIZATION - Materialized value firstdownpassing.
[32m2024-10-01 11:15:02 -0400[0m - dagster - [34mDEBUG[0m - __ASSET_JOB - 58ca9174-4837-4695-b938-88318917c064 - 2073300 - dbt_project_assets - STEP_OUTPUT - Yielded output "model_nfl_receiver_stats_per_team" of type "Nothing". (Type check passed).
[32m2024-10-01 11:15:02 -0400[0m - dagster - [34mDEBUG[0m - __ASSET_JOB - 58ca9174-4837-4695-b938-88318917c064 - 2073300 - dbt_project_assets - ASSET_MATERIALIZATION - Materialized value receiver_stats_per_team.
[32m2024-10-01 11:15:02 -0400[0m - dagster - [34mDEBUG[0m - __ASSET_JOB - 58ca9174-4837-4695-b938-88318917c064 - 2073300 - dbt_project_assets - STEP_OUTPUT - Yielded output "model_nfl_penalty_totals" of type "Nothing". (Type check passed).
[32m2024-10-01 11:15:02 -0400[0m - dagster - [34mDEBUG[0m - __ASSET_JOB - 58ca9174-4837-4695-b938-88318917c064 - 2073300 - dbt_project_assets - ASSET_MATERIALIZATION - Materialized value penalty_totals.
[32m2024-10-01 11:15:02 -0400[0m - dagster - [34mDEBUG[0m - __ASSET_JOB - 58ca9174-4837-4695-b938-88318917c064 - 2073300 - dbt_project_assets - STEP_OUTPUT - Yielded output "model_nfl_penalties_per_team" of type "Nothing". (Type check passed).
[32m2024-10-01 11:15:02 -0400[0m - dagster - [34mDEBUG[0m - __ASSET_JOB - 58ca9174-4837-4695-b938-88318917c064 - 2073300 - dbt_project_assets - ASSET_MATERIALIZATION - Materialized value penalties_per_team.
[32m2024-10-01 11:15:02 -0400[0m - dagster - [34mDEBUG[0m - __ASSET_JOB - 58ca9174-4837-4695-b938-88318917c064 - 2073300 - dbt_project_assets - STEP_OUTPUT - Yielded output "model_nfl_team_breakdown" of type "Nothing". (Type check passed).
[32m2024-10-01 11:15:03 -0400[0m - dagster - [34mDEBUG[0m - __ASSET_JOB - 58ca9174-4837-4695-b938-88318917c064 - 2073300 - dbt_project_assets - ASSET_MATERIALIZATION - Materialized value team_breakdown.
[32m2024-10-01 11:15:03 -0400[0m - dagster - [34mDEBUG[0m - __ASSET_JOB - 58ca9174-4837-4695-b938-88318917c064 - 2073300 - dbt_project_assets - STEP_OUTPUT - Yielded output "model_nfl_rushing" of type "Nothing". (Type check passed).
[32m2024-10-01 11:15:03 -0400[0m - dagster - [34mDEBUG[0m - __ASSET_JOB - 58ca9174-4837-4695-b938-88318917c064 - 2073300 - dbt_project_assets - ASSET_MATERIALIZATION - Materialized value rushing.
[32m2024-10-01 11:15:03 -0400[0m - dagster - [34mDEBUG[0m - __ASSET_JOB - 58ca9174-4837-4695-b938-88318917c064 - 2073300 - dbt_project_assets - ASSET_CHECK_EVALUATION - ASSET_CHECK_EVALUATION for step dbt_project_assets
[32m2024-10-01 11:15:03 -0400[0m - dagster - [34mDEBUG[0m - __ASSET_JOB - 58ca9174-4837-4695-b938-88318917c064 - 2073300 - dbt_project_assets - STEP_OUTPUT - Yielded output "penalty_totals_not_null_penalty_totals_total_penalties" of type "Any". (Type check passed).
[32m2024-10-01 11:15:03 -0400[0m - dagster - [34mDEBUG[0m - __ASSET_JOB - 58ca9174-4837-4695-b938-88318917c064 - 2073300 - dbt_project_assets - ASSET_CHECK_EVALUATION - ASSET_CHECK_EVALUATION for step dbt_project_assets
[32m2024-10-01 11:15:03 -0400[0m - dagster - [34mDEBUG[0m - __ASSET_JOB - 58ca9174-4837-4695-b938-88318917c064 - 2073300 - dbt_project_assets - STEP_OUTPUT - Yielded output "penalties_per_team_not_null_penalties_per_team_week" of type "Any". (Type check passed).
[32m2024-10-01 11:15:03 -0400[0m - dagster - [34mDEBUG[0m - __ASSET_JOB - 58ca9174-4837-4695-b938-88318917c064 - 2073300 - dbt_project_assets - ASSET_CHECK_EVALUATION - ASSET_CHECK_EVALUATION for step dbt_project_assets
[32m2024-10-01 11:15:03 -0400[0m - dagster - [34mDEBUG[0m - __ASSET_JOB - 58ca9174-4837-4695-b938-88318917c064 - 2073300 - dbt_project_assets - STEP_OUTPUT - Yielded output "penalty_totals_not_null_penalty_totals_week" of type "Any". (Type check passed).
[32m2024-10-01 11:15:03 -0400[0m - dagster - [34mDEBUG[0m - __ASSET_JOB - 58ca9174-4837-4695-b938-88318917c064 - 2073300 - dbt_project_assets - ASSET_CHECK_EVALUATION - ASSET_CHECK_EVALUATION for step dbt_project_assets
[32m2024-10-01 11:15:03 -0400[0m - dagster - [34mDEBUG[0m - __ASSET_JOB - 58ca9174-4837-4695-b938-88318917c064 - 2073300 - dbt_project_assets - STEP_OUTPUT - Yielded output "penalties_per_team_not_null_penalties_per_team_penalty_team" of type "Any". (Type check passed).
[32m2024-10-01 11:15:03 -0400[0m - dagster - [34mDEBUG[0m - __ASSET_JOB - 58ca9174-4837-4695-b938-88318917c064 - 2073300 - dbt_project_assets - ASSET_CHECK_EVALUATION - ASSET_CHECK_EVALUATION for step dbt_project_assets
[32m2024-10-01 11:15:03 -0400[0m - dagster - [34mDEBUG[0m - __ASSET_JOB - 58ca9174-4837-4695-b938-88318917c064 - 2073300 - dbt_project_assets - STEP_OUTPUT - Yielded output "penalties_per_team_not_null_penalties_per_team_total_penalties" of type "Any". (Type check passed).
[32m2024-10-01 11:15:03 -0400[0m - dagster - [34mINFO[0m - __ASSET_JOB - 58ca9174-4837-4695-b938-88318917c064 - dbt_project_assets - Finished dbt command: `dbt build --select fqn:*`.
[32m2024-10-01 11:15:03 -0400[0m - dagster - [34mERROR[0m - [31m__ASSET_JOB - 58ca9174-4837-4695-b938-88318917c064 - 2073300 - dbt_project_assets - STEP_FAILURE - Execution of step "dbt_project_assets" failed.

dagster_dbt.errors.DagsterDbtCliRuntimeError: The dbt CLI process with command

`dbt build --select fqn:*`

failed with exit code `1`. Check the stdout in the Dagster compute logs for the full information about the error, or view the dbt debug log: /home/christianocean/mta/nfl/transformations/dbt/target/dbt_project_assets-58ca917-900cb18/dbt.log.

Errors parsed from dbt logs:

4 of 14 ERROR creating sql table model main.flex_stats ......................... [[31mERROR[0m in 0.33s]

  Runtime Error in model flex_stats (models/flex_stats.sql)
  Parser Error: syntax error at or near ";"

Stack Trace:
  File "/home/christianocean/mta/.venv/lib/python3.10/site-packages/dagster/_core/execution/plan/execute_plan.py", line 247, in dagster_event_sequence_for_step
    for step_event in check.generator(step_events):
  File "/home/christianocean/mta/.venv/lib/python3.10/site-packages/dagster/_core/execution/plan/execute_step.py", line 500, in core_dagster_event_sequence_for_step
    for user_event in _step_output_error_checked_user_event_sequence(
  File "/home/christianocean/mta/.venv/lib/python3.10/site-packages/dagster/_core/execution/plan/execute_step.py", line 184, in _step_output_error_checked_user_event_sequence
    for user_event in user_event_sequence:
  File "/home/christianocean/mta/.venv/lib/python3.10/site-packages/dagster/_core/execution/plan/execute_step.py", line 88, in _process_asset_results_to_events
    for user_event in user_event_sequence:
  File "/home/christianocean/mta/.venv/lib/python3.10/site-packages/dagster/_core/execution/plan/compute.py", line 198, in execute_core_compute
    for step_output in _yield_compute_results(step_context, inputs, compute_fn, compute_context):
  File "/home/christianocean/mta/.venv/lib/python3.10/site-packages/dagster/_core/execution/plan/compute.py", line 167, in _yield_compute_results
    for event in iterate_with_context(
  File "/home/christianocean/mta/.venv/lib/python3.10/site-packages/dagster/_utils/__init__.py", line 478, in iterate_with_context
    next_output = next(iterator)
  File "/home/christianocean/mta/nfl/assets/dbt.py", line 7, in dbt_project_assets
    yield from dbt.cli(["build"], context=context).stream()
  File "/home/christianocean/mta/.venv/lib/python3.10/site-packages/dagster_dbt/core/dbt_event_iterator.py", line 203, in __next__
    return next(self._inner_iterator)
  File "/home/christianocean/mta/.venv/lib/python3.10/site-packages/dagster_dbt/core/dbt_cli_invocation.py", line 269, in _stream_asset_events
    for event in self.stream_raw_events():
  File "/home/christianocean/mta/.venv/lib/python3.10/site-packages/dagster_dbt/core/dbt_cli_invocation.py", line 362, in stream_raw_events
    self._raise_on_error()
  File "/home/christianocean/mta/.venv/lib/python3.10/site-packages/dagster_dbt/core/dbt_cli_invocation.py", line 454, in _raise_on_error
    raise error
[0m
