Running with dbt=1.8.7
Registered adapter: duckdb=1.8.3
Found 9 models, 5 data tests, 1 source, 416 macros

Concurrency: 16 threads (target='dev')

1 of 14 START sql table model main.distinct_teams .............................. [RUN]
2 of 14 START sql table model main.first_down .................................. [RUN]
3 of 14 START sql table model main.firstdownpassing ............................ [RUN]
4 of 14 START sql table model main.flex_stats .................................. [RUN]
5 of 14 START sql table model main.penalties_per_team .......................... [RUN]
6 of 14 START sql table model main.penalty_totals .............................. [RUN]
7 of 14 START sql table model main.receiver_stats_per_team ..................... [RUN]
8 of 14 START sql table model main.rushing ..................................... [RUN]
9 of 14 START sql table model main.team_breakdown .............................. [RUN]
4 of 14 ERROR creating sql table model main.flex_stats ......................... [[31mERROR[0m in 0.33s]
2 of 14 OK created sql table model main.first_down ............................. [[32mOK[0m in 0.37s]
1 of 14 OK created sql table model main.distinct_teams ......................... [[32mOK[0m in 0.38s]
3 of 14 OK created sql table model main.firstdownpassing ....................... [[32mOK[0m in 0.37s]
7 of 14 OK created sql table model main.receiver_stats_per_team ................ [[32mOK[0m in 0.35s]
6 of 14 OK created sql table model main.penalty_totals ......................... [[32mOK[0m in 0.36s]
5 of 14 OK created sql table model main.penalties_per_team ..................... [[32mOK[0m in 0.42s]
9 of 14 OK created sql table model main.team_breakdown ......................... [[32mOK[0m in 0.36s]
8 of 14 OK created sql table model main.rushing ................................ [[32mOK[0m in 0.41s]
10 of 14 START test not_null_penalty_totals_total_penalties .................... [RUN]
11 of 14 START test not_null_penalty_totals_week ............................... [RUN]
12 of 14 START test not_null_penalties_per_team_penalty_team ................... [RUN]
13 of 14 START test not_null_penalties_per_team_total_penalties ................ [RUN]
14 of 14 START test not_null_penalties_per_team_week ........................... [RUN]
10 of 14 PASS not_null_penalty_totals_total_penalties .......................... [[32mPASS[0m in 0.12s]
14 of 14 PASS not_null_penalties_per_team_week ................................. [[32mPASS[0m in 0.12s]
11 of 14 PASS not_null_penalty_totals_week ..................................... [[32mPASS[0m in 0.14s]
12 of 14 PASS not_null_penalties_per_team_penalty_team ......................... [[32mPASS[0m in 0.15s]
13 of 14 PASS not_null_penalties_per_team_total_penalties ...................... [[32mPASS[0m in 0.15s]

Finished running 9 table models, 5 data tests in 0 hours 0 minutes and 0.85 seconds (0.85s).

[31mCompleted with 1 error and 0 warnings:[0m

  Runtime Error in model flex_stats (models/flex_stats.sql)
  Parser Error: syntax error at or near ";"

Done. PASS=13 WARN=0 ERROR=1 SKIP=0 TOTAL=14
